Time: 2016.05.09 11.05.39
Domain:localhost
New Exception:MySQL connection failed: Access denied for user 'Foakein'@'localhost' (using password: YES)


Time: 2016.06.14 17.06.59
Domain:localhost
New Exception:MySQL connection failed: Unknown MySQL server host 'HOST' (2)


Time: 2016.06.15 09.06.14
Domain:kiro.pmticket.com
New Exception:MySQL connection failed: Unknown MySQL server host 'HOST' (2)


Time: 2016.06.15 11.06.25
Domain:localhost
New Exception:MySQL connection failed: Unknown MySQL server host 'HOST' (2)


Time: 2016.06.15 11.06.03
Domain:kiro.pmticket.com
New Exception:There is a problem with database:DATABASE


Time: 2016.06.15 11.06.06
Domain:kiro.pmticket.com
New Exception:There is a problem with database:DATABASE


Time: 2016.06.15 11.06.08
Domain:kiro.pmticket.com
New Exception:There is a problem with database:DATABASE


Time: 2016.06.15 11.06.36
Domain:kiro.pmticket.com
New Exception:There is a problem with database:DATABASE


Time: 2016.06.15 11.06.37
Domain:kiro.pmticket.com
New Exception:There is a problem with database:DATABASE


Time: 2016.06.15 11.06.46
Domain:kiro.pmticket.com
New Exception:There is a problem with database:DATABASE


Time: 2016.06.15 11.06.24
Domain:kiro.pmticket.com
New Exception:There is a problem with database:DATABASE


Time: 2016.06.15 11.06.06
Domain:kiro.pmticket.com
New Exception:There is a problem with database:DATABASE


Time: 2016.06.15 11.06.15
Domain:kiro.pmticket.com
New Exception:There is a problem with database:DATABASE


Time: 2016.06.15 11.06.07
Domain:kiro.pmticket.com
New Exception:There is a problem with database:DATABASE


Time: 2016.06.15 11.06.17
Domain:kiro.pmticket.com
New Exception:There is a problem with database:pmticket


Time: 2016.06.15 11.06.16
Domain:kiro.pmticket.com
New Exception:There is a problem with database:pmticket


Time: 2016.06.15 11.06.18
Domain:kiro.pmticket.com
New Exception:There is a problem with database:pmticket


Time: 2016.06.15 11.06.19
Domain:kiro.pmticket.com
New Exception:There is a problem with database:pmticket


Time: 2016.06.15 11.06.09
Domain:kiro.pmticket.com
New Exception:There is a problem with database:pmticket


Time: 2016.06.15 11.06.52
Domain:kiro.pmticket.com
New Exception:There is a problem with database:pmticket


Time: 2016.06.15 11.06.53
Domain:kiro.pmticket.com
New Exception:There is a problem with database:pmticket


Time: 2016.06.15 12.06.06
Domain:kiro.pmticket.com
New Exception:There is a problem with database:pmticket


Time: 2016.06.15 12.06.08
Domain:kiro.pmticket.com
New Exception:There is a problem with database:pmticket


Time: 2016.06.15 12.06.09
Domain:kiro.pmticket.com
New Exception:There is a problem with database:pmticket


Time: 2016.06.15 12.06.23
Domain:kiro.pmticket.com
New Exception:There is a problem with database:pmticket


Time: 2016.06.15 12.06.24
Domain:kiro.pmticket.com
New Exception:There is a problem with database:pmticket


Time: 2016.06.15 12.06.25
Domain:kiro.pmticket.com
New Exception:There is a problem with database:pmticket


Time: 2016.06.15 12.06.59
Domain:kiro.pmticket.com
New Exception:There is a problem with database:pmticket


Time: 2016.06.15 12.06.05
Domain:kiro.pmticket.com
New Exception:There is a problem with database:pmticket


Time: 2016.06.15 12.06.15
Domain:kiro.pmticket.com
New Exception:There is a problem with database:pmticket


Time: 2016.06.15 12.06.21
Domain:kiro.pmticket.com
New Exception:There is a problem with database:pmticket


Time: 2016.06.15 12.06.26
Domain:kiro.pmticket.com
New Exception:There is a problem with database:pmticket


Time: 2016.06.15 12.06.28
Domain:kiro.pmticket.com
New Exception:There is a problem with database:pmticket


Time: 2016.06.15 12.06.42
Domain:kiro.pmticket.com
New Exception:There is a problem with database:pmticket


Time: 2016.06.15 12.06.57
Domain:kiro.pmticket.com
New Exception:There is a problem with database:pmticket


Time: 2016.06.15 12.06.59
Domain:kiro.pmticket.com
New Exception:There is a problem with database:pmticket


Time: 2016.06.15 12.06.12
Domain:kiro.pmticket.com
New Exception:There is a problem with database:pmticket


Time: 2016.06.15 12.06.13
Domain:kiro.pmticket.com
New Exception:There is a problem with database:pmticket


Time: 2016.06.15 12.06.18
Domain:kiro.pmticket.com
New Exception:There is a problem with database:pmticket


Time: 2016.06.15 12.06.39
Domain:kiro.pmticket.com
New Exception:There is a problem with database:pmticket


Time: 2016.06.15 12.06.51
Domain:kiro.pmticket.com
New Exception:There is a problem with database:pmticket


Time: 2016.06.15 12.06.12
Domain:kiro.pmticket.com
New Exception:There is a problem with database:pmticket


Time: 2016.06.15 12.06.57
Domain:kiro.pmticket.com
New Exception:There is a problem with database:pmticket


Time: 2016.06.15 12.06.36
Domain:kiro.pmticket.com
New Exception:There is a problem with database:pmticket


Time: 2016.06.15 12.06.37
Domain:kiro.pmticket.com
New Exception:There is a problem with database:pmticket


Time: 2016.06.15 12.06.40
Domain:kiro.pmticket.com
New Exception:There is a problem with database:pmticket


Time: 2016.06.15 12.06.42
Domain:kiro.pmticket.com
New Exception:There is a problem with database:pmticket


Time: 2016.06.15 12.06.47
Domain:kiro.pmticket.com
New Exception:There is a problem with database:pmticket


Time: 2016.06.15 12.06.51
Domain:kiro.pmticket.com
New Exception:There is a problem with database:pmticket


Time: 2016.06.15 12.06.25
Domain:kiro.pmticket.com
New Exception:There is a problem with database:pmticket


Time: 2016.06.15 12.06.37
Domain:kiro.pmticket.com
New Exception:There is a problem with database:pmticket


Time: 2016.06.15 12.06.54
Domain:kiro.pmticket.com
New Exception:There is a problem with database:pmticket


Time: 2016.06.15 12.06.31
Domain:kiro.pmticket.com
New Exception:There is a problem with database:pmticket


Time: 2016.06.15 12.06.16
Domain:kiro.pmticket.com
New Exception:There is a problem with database:pmticket


Time: 2016.06.15 12.06.18
Domain:kiro.pmticket.com
New Exception:There is a problem with database:pmticket


Time: 2016.06.15 12.06.27
Domain:kiro.pmticket.com
New Exception:There is a problem with database:pmticket


Time: 2016.06.15 12.06.40
Domain:kiro.pmticket.com
New Exception:There is a problem with database:pmticket


Time: 2016.06.15 12.06.42
Domain:kiro.pmticket.com
New Exception:There is a problem with database:pmticket


Time: 2016.06.15 12.06.45
Domain:kiro.pmticket.com
New Exception:There is a problem with database:pmticket


Time: 2016.06.15 12.06.56
Domain:kiro.pmticket.com
New Exception:There is a problem with database:pmticket


Time: 2016.06.15 12.06.51
Domain:kiro.pmticket.com
New Exception:There is a problem with database:pmticket


Time: 2016.06.15 12.06.25
Domain:kiro.pmticket.com
New Exception:There is a problem with database:pmticket


Time: 2016.06.15 12.06.26
Domain:kiro.pmticket.com
New Exception:There is a problem with database:pmticket


Time: 2016.06.15 12.06.33
Domain:kiro.pmticket.com
New Exception:There is a problem with database:pmticket


Time: 2016.06.15 12.06.39
Domain:kiro.pmticket.com
New Exception:There is a problem with database:pmticket


Time: 2016.06.28 09.06.44
Domain:localhost
New Exception:There is a problem with database:DATABASE_NAME


Time: 2016.06.28 09.06.47
Domain:localhost
New Exception:There is a problem with database:DATABASE_NAME


Time: 2016.06.28 09.06.51
Domain:localhost
New Exception:There is a problem with database:DATABASE_NAME


Time: 2016.06.28 09.06.55
Domain:localhost
New Exception:There is a problem with database:DATABASE_NAME


Time: 2016.06.28 09.06.16
Domain:localhost
New Exception:MySQL connection failed: Unknown database 'DATABASE'


Time: 2016.06.28 09.06.17
Domain:localhost
New Exception:MySQL connection failed: Unknown database 'DATABASE'


Time: 2016.06.28 09.06.18
Domain:localhost
New Exception:MySQL connection failed: Unknown database 'DATABASE'


